have_library: checking for hello() in -lhello... -------------------- no

"gcc -o conftest -I/home/vicente/.rvm/rubies/ruby-1.9.2-p290/include/ruby-1.9.1/i686-linux -I/home/vicente/.rvm/rubies/ruby-1.9.2-p290/include/ruby-1.9.1/ruby/backward -I/home/vicente/.rvm/rubies/ruby-1.9.2-p290/include/ruby-1.9.1 -I. -I../hello//include  -D_FILE_OFFSET_BITS=64   -O3 -ggdb -Wextra -Wno-unused-parameter -Wno-parentheses -Wpointer-arith -Wwrite-strings -Wno-missing-field-initializers -Wno-long-long  -fPIC conftest.c  -L. -L/home/vicente/.rvm/rubies/ruby-1.9.2-p290/lib -Wl,-R/home/vicente/.rvm/rubies/ruby-1.9.2-p290/lib -L../hello//lib -L.  -rdynamic -Wl,-export-dynamic     -Wl,-R -Wl,/home/vicente/.rvm/rubies/ruby-1.9.2-p290/lib -L/home/vicente/.rvm/rubies/ruby-1.9.2-p290/lib -lruby-static  -lpthread -lrt -ldl -lcrypt -lm   -lc"
checked program was:
/* begin */
1: #include "ruby.h"
2: 
3: int main() {return 0;}
/* end */

"gcc -o conftest -I/home/vicente/.rvm/rubies/ruby-1.9.2-p290/include/ruby-1.9.1/i686-linux -I/home/vicente/.rvm/rubies/ruby-1.9.2-p290/include/ruby-1.9.1/ruby/backward -I/home/vicente/.rvm/rubies/ruby-1.9.2-p290/include/ruby-1.9.1 -I. -I../hello//include  -D_FILE_OFFSET_BITS=64   -O3 -ggdb -Wextra -Wno-unused-parameter -Wno-parentheses -Wpointer-arith -Wwrite-strings -Wno-missing-field-initializers -Wno-long-long  -fPIC conftest.c  -L. -L/home/vicente/.rvm/rubies/ruby-1.9.2-p290/lib -Wl,-R/home/vicente/.rvm/rubies/ruby-1.9.2-p290/lib -L../hello//lib -L.  -rdynamic -Wl,-export-dynamic     -Wl,-R -Wl,/home/vicente/.rvm/rubies/ruby-1.9.2-p290/lib -L/home/vicente/.rvm/rubies/ruby-1.9.2-p290/lib -lruby-static -lhello  -lpthread -lrt -ldl -lcrypt -lm   -lc"
conftest.c: In function ‘t’:
conftest.c:5:53: error: ‘hello’ undeclared (first use in this function)
conftest.c:5:53: note: each undeclared identifier is reported only once for each function it appears in
checked program was:
/* begin */
1: #include "ruby.h"
2: 
3: /*top*/
4: int main() {return 0;}
5: int t() { void ((*volatile p)()); p = (void ((*)()))hello; return 0; }
/* end */

"gcc -o conftest -I/home/vicente/.rvm/rubies/ruby-1.9.2-p290/include/ruby-1.9.1/i686-linux -I/home/vicente/.rvm/rubies/ruby-1.9.2-p290/include/ruby-1.9.1/ruby/backward -I/home/vicente/.rvm/rubies/ruby-1.9.2-p290/include/ruby-1.9.1 -I. -I../hello//include  -D_FILE_OFFSET_BITS=64   -O3 -ggdb -Wextra -Wno-unused-parameter -Wno-parentheses -Wpointer-arith -Wwrite-strings -Wno-missing-field-initializers -Wno-long-long  -fPIC conftest.c  -L. -L/home/vicente/.rvm/rubies/ruby-1.9.2-p290/lib -Wl,-R/home/vicente/.rvm/rubies/ruby-1.9.2-p290/lib -L../hello//lib -L.  -rdynamic -Wl,-export-dynamic     -Wl,-R -Wl,/home/vicente/.rvm/rubies/ruby-1.9.2-p290/lib -L/home/vicente/.rvm/rubies/ruby-1.9.2-p290/lib -lruby-static -lhello  -lpthread -lrt -ldl -lcrypt -lm   -lc"
/usr/bin/ld: cannot find -lhello
collect2: ld returned 1 exit status
checked program was:
/* begin */
1: #include "ruby.h"
2: 
3: /*top*/
4: int main() {return 0;}
5: int t() { hello(); return 0; }
/* end */

--------------------

